<?xml version="1.0" encoding="UTF-8"?>
<testsuite name="co.com.choucair.certification.proyectbase.runners.RunnerTags" tests="0" skipped="0" failures="0" errors="0" timestamp="1970-01-01T00:00:00" hostname="ALEXANDEROÑATE" time="0.0">
  <properties/>
  <system-out><![CDATA[08:20:35.354 [Test worker] DEBUG net.thucydides.core.util.PropertiesFileLocalPreferences - LOADING LOCAL PROPERTIES FROM D:\Documents\Dev\IntelliJ\co.com.choucair.certification.proyectbase\serenity.properties 
08:20:36.091 [Test worker] DEBUG net.thucydides.core.util.PropertiesFileLocalPreferences - LOADING LOCAL PROPERTIES FROM D:\Documents\Dev\IntelliJ\co.com.choucair.certification.proyectbase\serenity.properties 
08:20:36.091 [Test worker] DEBUG net.thucydides.core.util.PropertiesFileLocalPreferences - LOADING LOCAL PROPERTIES FROM D:\Documents\Dev\IntelliJ\co.com.choucair.certification.proyectbase\serenity.properties 
08:20:36.117 [Test worker] DEBUG net.thucydides.core.util.PropertiesFileLocalPreferences - webdriver.driver=chrome
08:20:36.117 [Test worker] DEBUG net.thucydides.core.util.PropertiesFileLocalPreferences - webdriver.chrome.driver=src/test/resources/driver/chromedriver.exe
08:20:36.117 [Test worker] DEBUG net.thucydides.core.util.PropertiesFileLocalPreferences - feature.file.encoding=UTF8
08:20:36.117 [Test worker] DEBUG net.thucydides.core.util.PropertiesFileLocalPreferences - chrome.swithces=--start-maximized
08:20:36.118 [Test worker] DEBUG net.thucydides.core.util.PropertiesFileLocalPreferences - serenity.report.encoding=UTF8
08:20:36.118 [Test worker] DEBUG net.thucydides.core.util.PropertiesFileLocalPreferences - serenity.test.root=net.thucydides.showcase.cucumber.junit
08:20:36.118 [Test worker] DEBUG net.thucydides.core.util.PropertiesFileLocalPreferences - serenity.verbose.steps=FALSE
08:20:36.119 [Test worker] DEBUG net.thucydides.core.util.PropertiesFileLocalPreferences - webdriver.timeout.implicitlywait=10000
08:20:36.119 [Test worker] DEBUG net.thucydides.core.util.PropertiesFileLocalPreferences - serenity.project.name=Demo Project suing Serenity and Cucumber
08:20:36.119 [Test worker] DEBUG net.thucydides.core.util.PropertiesFileLocalPreferences - serenity.take.screenshots=AFTER_EACH_STEP
08:20:36.674 [Test worker] INFO io.cucumber.core.plugin.SerenityReporter - Running feature from file:///D:/Documents/Dev/IntelliJ/co.com.choucair.certification.proyectbase/src/test/resources/features/academyChoucair.feature
08:20:36.674 [Test worker] WARN io.cucumber.core.plugin.SerenityReporter - Feature from file:///D:/Documents/Dev/IntelliJ/co.com.choucair.certification.proyectbase/src/test/resources/features/academyChoucair.feature is not under the 'features' directory. Requirements report will not be correctly generated!
08:20:37.106 [Test worker] DEBUG net.thucydides.core.util.PropertiesFileLocalPreferences - LOADING LOCAL PROPERTIES FROM D:\Documents\Dev\IntelliJ\co.com.choucair.certification.proyectbase\serenity.properties 
08:20:37.228 [Test worker] DEBUG net.thucydides.core.util.PropertiesFileLocalPreferences - LOADING LOCAL PROPERTIES FROM D:\Documents\Dev\IntelliJ\co.com.choucair.certification.proyectbase\serenity.properties 
08:20:37.229 [Test worker] DEBUG net.thucydides.core.util.PropertiesFileLocalPreferences - LOADING LOCAL PROPERTIES FROM D:\Documents\Dev\IntelliJ\co.com.choucair.certification.proyectbase\serenity.properties 
08:20:37.230 [Test worker] DEBUG net.thucydides.core.util.PropertiesFileLocalPreferences - webdriver.driver=chrome
08:20:37.230 [Test worker] DEBUG net.thucydides.core.util.PropertiesFileLocalPreferences - webdriver.chrome.driver=src/test/resources/driver/chromedriver.exe
08:20:37.231 [Test worker] DEBUG net.thucydides.core.util.PropertiesFileLocalPreferences - feature.file.encoding=UTF8
08:20:37.232 [Test worker] DEBUG net.thucydides.core.util.PropertiesFileLocalPreferences - chrome.swithces=--start-maximized
08:20:37.232 [Test worker] DEBUG net.thucydides.core.util.PropertiesFileLocalPreferences - serenity.report.encoding=UTF8
08:20:37.232 [Test worker] DEBUG net.thucydides.core.util.PropertiesFileLocalPreferences - serenity.test.root=net.thucydides.showcase.cucumber.junit
08:20:37.233 [Test worker] DEBUG net.thucydides.core.util.PropertiesFileLocalPreferences - serenity.verbose.steps=FALSE
08:20:37.233 [Test worker] DEBUG net.thucydides.core.util.PropertiesFileLocalPreferences - webdriver.timeout.implicitlywait=10000
08:20:37.233 [Test worker] DEBUG net.thucydides.core.util.PropertiesFileLocalPreferences - serenity.project.name=Demo Project suing Serenity and Cucumber
08:20:37.233 [Test worker] DEBUG net.thucydides.core.util.PropertiesFileLocalPreferences - serenity.take.screenshots=AFTER_EACH_STEP
08:20:37.255 [Test worker] INFO  - 

-------------------------------------------------------------------------------------
     _______. _______ .______       _______ .__   __.  __  .___________.____    ____ 
    /       ||   ____||   _  \     |   ____||  \ |  | |  | |           |\   \  /   / 
   |   (----`|  |__   |  |_)  |    |  |__   |   \|  | |  | `---|  |----` \   \/   /  
    \   \    |   __|  |      /     |   __|  |  . `  | |  |     |  |       \_    _/   
.----)   |   |  |____ |  |\  \----.|  |____ |  |\   | |  |     |  |         |  |     
|_______/    |_______|| _| `._____||_______||__| \__| |__|     |__|         |__|    
                                                                                     
 News and tutorials at http://www.serenity-bdd.info                                  
 Documentation at https://wakaleo.gitbooks.io/the-serenity-book/content/             
 Join the Serenity Community on Gitter: https://gitter.im/serenity-bdd/serenity-core 
 Serenity BDD Support and Training at http://serenity-bdd.info/#/trainingandsupport  
-------------------------------------------------------------------------------------

08:20:37.262 [Test worker] DEBUG net.thucydides.core.steps.StepEventBus - Test suite started for story net.thucydides.core.model.Story@7c2e0149
08:20:37.269 [Test worker] INFO  - Test Suite Started: Academy Choucair

1 Scenarios (?[32m1 passed?[0m)
3 Steps (?[32m3 passed?[0m)
0m44,595s


08:21:21.271 [Test worker] DEBUG net.thucydides.core.reports.ReportService - Reporting formats: [JSON, HTML]
08:21:21.407 [Test worker] DEBUG net.thucydides.core.reports.ReportService - Reporting formats: [JSON, HTML]
08:21:21.446 [Test worker] DEBUG net.thucydides.core.reports.ReportService - Generating reports for 1 test outcomes using: net.thucydides.core.reports.json.JSONTestOutcomeReporter@749ca40a
08:21:21.449 [pool-1-thread-1] DEBUG net.thucydides.core.reports.ReportService - Processing test outcome Academy Choucair:Search for an automation course
08:21:21.449 [pool-1-thread-1] DEBUG net.thucydides.core.reports.ReportService - net.thucydides.core.reports.json.JSONTestOutcomeReporter@749ca40a: Generating report for test outcome: Academy Choucair:Search for an automation course
08:21:21.451 [pool-1-thread-1] DEBUG net.thucydides.core.reports.json.JSONTestOutcomeReporter - Generating JSON report for Search for an automation course to file D:\Documents\Dev\IntelliJ\co.com.choucair.certification.proyectbase\target\site\serenity\533c322e7819417b7a9f60720ef5a9c2eb9bec385ec9723aba6190f82ff4c82d.json (using temp file D:\Documents\Dev\IntelliJ\co.com.choucair.certification.proyectbase\target\site\serenity\533c322e7819417b7a9f60720ef5a9c2eb9bec385ec9723aba6190f82ff4c82d.json276653f8-cec6-449e-8647-dc544b02d178)
08:21:21.518 [pool-1-thread-1] DEBUG net.thucydides.core.reports.ReportService - Processing test outcome Academy Choucair:Search for an automation course done
08:21:21.518 [Test worker] DEBUG net.thucydides.core.reports.ReportService - Shutting down executor service
08:21:21.518 [Test worker] DEBUG net.thucydides.core.reports.ReportService - Reports generated in: 72 ms
08:21:21.518 [Test worker] DEBUG net.thucydides.core.reports.ReportService - Generating reports for 1 test outcomes using: net.thucydides.core.reports.html.HtmlAcceptanceTestReporter@656acf66
08:21:21.519 [pool-2-thread-1] DEBUG net.thucydides.core.reports.ReportService - Processing test outcome Academy Choucair:Search for an automation course
08:21:21.519 [pool-2-thread-1] DEBUG net.thucydides.core.reports.ReportService - net.thucydides.core.reports.html.HtmlAcceptanceTestReporter@656acf66: Generating report for test outcome: Academy Choucair:Search for an automation course
08:21:21.521 [pool-2-thread-1] DEBUG net.thucydides.core.reports.html.HtmlAcceptanceTestReporter - GENERATE TEST OUTCOME REPORT FOR Search for an automation course in 533c322e7819417b7a9f60720ef5a9c2eb9bec385ec9723aba6190f82ff4c82d
08:21:21.540 [pool-2-thread-1] DEBUG net.thucydides.core.requirements.PackageRequirementsTagProvider - Loading requirements from package requirements at: net.thucydides.showcase.cucumber.junit
08:21:22.507 [pool-2-thread-1] DEBUG net.thucydides.core.requirements.model.cucumber.CucumberParser - Added feature Academy Choucair
08:21:22.509 [pool-2-thread-1] DEBUG net.thucydides.core.requirements.RequirementsTagProvider -  found:[Requirement{name='Academy Choucair', type='feature' parent = 'null', cardNumber='null'}]
08:21:22.513 [pool-2-thread-1] DEBUG net.thucydides.core.requirements.BaseRequirementsService - Requirement found for test outcome Search for an automation course-[]: Optional[Requirement{name='Academy Choucair', type='feature' parent = 'null', cardNumber='null'}]
08:21:22.519 [pool-2-thread-1] DEBUG net.thucydides.core.requirements.BaseRequirementsService - Requirement found for test outcome Search for an automation course-[]: Optional[Requirement{name='Academy Choucair', type='feature' parent = 'null', cardNumber='null'}]
08:21:23.039 [pool-2-thread-1] DEBUG net.thucydides.core.requirements.BaseRequirementsService - Requirement found for test outcome Search for an automation course-[]: Optional[Requirement{name='Academy Choucair', type='feature' parent = 'null', cardNumber='null'}]
08:21:23.041 [pool-2-thread-1] DEBUG net.thucydides.core.requirements.BaseRequirementsService - Requirement found for test outcome Search for an automation course-[]: Optional[Requirement{name='Academy Choucair', type='feature' parent = 'null', cardNumber='null'}]
08:21:23.045 [pool-2-thread-1] DEBUG net.thucydides.core.reports.html.HtmlAcceptanceTestReporter - Generating report in 533c322e7819417b7a9f60720ef5a9c2eb9bec385ec9723aba6190f82ff4c82d_screenshots.html
08:21:23.802 [pool-2-thread-1] DEBUG net.thucydides.core.reports.html.HtmlAcceptanceTestReporter - Generated report 533c322e7819417b7a9f60720ef5a9c2eb9bec385ec9723aba6190f82ff4c82d_screenshots.html in 757 ms
08:21:23.803 [pool-2-thread-1] DEBUG net.thucydides.core.reports.html.HtmlAcceptanceTestReporter - GENERATING HTML REPORT FOR Academy Choucair:Search for an automation course in 533c322e7819417b7a9f60720ef5a9c2eb9bec385ec9723aba6190f82ff4c82d.html in directory target\site\serenity  
08:21:23.804 [pool-2-thread-1] DEBUG net.thucydides.core.reports.html.HtmlAcceptanceTestReporter - Generating report in 533c322e7819417b7a9f60720ef5a9c2eb9bec385ec9723aba6190f82ff4c82d.html
08:21:24.959 [pool-2-thread-1] DEBUG net.thucydides.core.reports.html.HtmlAcceptanceTestReporter - Generated report 533c322e7819417b7a9f60720ef5a9c2eb9bec385ec9723aba6190f82ff4c82d.html in 1155 ms
08:21:24.959 [pool-2-thread-1] DEBUG net.thucydides.core.reports.ReportService - Processing test outcome Academy Choucair:Search for an automation course done
08:21:24.959 [Test worker] DEBUG net.thucydides.core.reports.ReportService - Shutting down executor service
08:21:24.959 [Test worker] DEBUG net.thucydides.core.reports.ReportService - Reports generated in: 3440 ms
08:21:25.362 [Test worker] DEBUG net.serenitybdd.core.photography.Darkroom - Closing darkroom
08:21:25.362 [Darkroom Processing Line] DEBUG net.serenitybdd.core.photography.DarkroomProcessingLine - Darkroom processing line shutting down
]]></system-out>
  <system-err><![CDATA[SLF4J: Class path contains multiple SLF4J bindings.
SLF4J: Found binding in [jar:file:/C:/Users/Alex/.gradle/caches/modules-2/files-2.1/ch.qos.logback/logback-classic/1.2.3/7c4f3c474fb2c041d8028740440937705ebb473a/logback-classic-1.2.3.jar!/org/slf4j/impl/StaticLoggerBinder.class]
SLF4J: Found binding in [jar:file:/C:/Users/Alex/.gradle/caches/modules-2/files-2.1/org.slf4j/slf4j-simple/1.7.7/8095d0b9f7e0a9cd79a663c740e0f8fb31d0e2c8/slf4j-simple-1.7.7.jar!/org/slf4j/impl/StaticLoggerBinder.class]
SLF4J: See http://www.slf4j.org/codes.html#multiple_bindings for an explanation.
SLF4J: Actual binding is of type [ch.qos.logback.classic.util.ContextSelectorStaticBinder]
]]></system-err>
</testsuite>
