<?xml version="1.0" encoding="UTF-8"?>
<testsuite name="Academy Choucair" tests="1" skipped="0" failures="0" errors="0" timestamp="2021-02-06T01:15:57" hostname="ALEXANDEROÑATE" time="39.644">
  <properties/>
  <testcase name="Search for an automation course" classname="Academy Choucair" time="39.644"/>
  <system-out><![CDATA[20:15:57.752 [Test worker] INFO io.cucumber.core.plugin.SerenityReporter - Running feature from file:///D:/Documents/Dev/IntelliJ/co.com.choucair.certification.proyectbase/src/test/resources/features/academyChoucair.feature
20:15:57.753 [Test worker] WARN io.cucumber.core.plugin.SerenityReporter - Feature from file:///D:/Documents/Dev/IntelliJ/co.com.choucair.certification.proyectbase/src/test/resources/features/academyChoucair.feature is not under the 'features' directory. Requirements report will not be correctly generated!
20:15:57.916 [Test worker] INFO  - 
 _____ _____ ____ _____   ____ _____  _    ____ _____ _____ ____  
|_   _| ____/ ___|_   _| / ___|_   _|/ \  |  _ \_   _| ____|  _ \ 
  | | |  _| \___ \ | |   \___ \ | | / _ \ | |_) || | |  _| | | | |
  | | | |___ ___) || |    ___) || |/ ___ \|  _ < | | | |___| |_| |
  |_| |_____|____/ |_|   |____/ |_/_/   \_\_| \_\|_| |_____|____/ 

Search for an automation course(academy-choucair;search-for-an-automation-course)
-------------------------------------------------------------------
20:15:58.014 [Test worker] DEBUG net.thucydides.core.requirements.model.cucumber.CucumberParser - Added feature Academy Choucair
Step argument class io.cucumber.core.gherkin.messages.GherkinMessagesDataTableArgument
20:15:58.829 [Test worker] DEBUG net.thucydides.core.steps.StepInterceptor - STARTING STEP: ChoucairAcademyStepDefinitions.thanAlexWantsToLearnAutomationAtTheAcademyChoucair - performAs
20:15:58.852 [Test worker] DEBUG net.thucydides.core.steps.StepInterceptor - STARTING STEP: OpenUp.performAs - {0} opens the #targetPage
20:15:58.980 [Test worker] INFO net.serenitybdd.core.webdriver.driverproviders.ChromeDriverProvider - Using automatically driver download
20:15:59.529 [Test worker] DEBUG io.github.bonigarcia.wdm.cache.ResolutionCache - Resolution chrome=88 in cache (valid until 20:51:24 05/02/2021 COT)
20:15:59.531 [Test worker] DEBUG io.github.bonigarcia.wdm.cache.ResolutionCache - Resolution chrome88=88.0.4324.96 in cache (valid until 19:51:24 06/02/2021 COT)
20:15:59.531 [Test worker] INFO io.github.bonigarcia.wdm.WebDriverManager - Using chromedriver 88.0.4324.96 (resolved driver for Chrome 88)
20:15:59.542 [Test worker] DEBUG io.github.bonigarcia.wdm.WebDriverManager - Driver chromedriver 88.0.4324.96 found in cache
20:15:59.543 [Test worker] INFO io.github.bonigarcia.wdm.WebDriverManager - Exporting webdriver.chrome.driver as C:\Users\Alex\.cache\selenium\chromedriver\win32\88.0.4324.96\chromedriver.exe
20:16:00.907 [Test worker] INFO net.serenitybdd.core.webdriver.driverproviders.ProvideNewDriver - Instantiating driver
20:16:00.907 [Test worker] INFO net.serenitybdd.core.webdriver.driverproviders.ProvideNewDriver - Driver capabilities: Capabilities {acceptInsecureCerts: false, browserName: chrome, goog:chromeOptions: {args: [], extensions: []}, loggingPrefs: org.openqa.selenium.logging...}
20:16:07.565 [Test worker] DEBUG net.serenitybdd.core.photography.Darkroom - Opening darkroom
20:16:07.565 [Darkroom Processing Line] DEBUG net.serenitybdd.core.photography.DarkroomProcessingLine - Darkroom processing line starting up
20:16:09.183 [Test worker] DEBUG net.serenitybdd.core.photography.Darkroom - Send negative for processing for target\site\serenity\9d375d0c2a128be2eae3fd9a61ece506ab9d253ca27a7741f5ec8eae46bfce01.png
20:16:09.193 [Test worker] DEBUG net.thucydides.core.steps.StepInterceptor - STEP DONE: {0} opens the #targetPage
20:16:09.226 [Test worker] DEBUG net.thucydides.core.steps.StepInterceptor - STEP DONE: performAs
20:16:09.242 [Test worker] DEBUG net.thucydides.core.steps.StepInterceptor - STARTING STEP: ChoucairAcademyStepDefinitions.thanAlexWantsToLearnAutomationAtTheAcademyChoucair - performAs
20:16:09.324 [Test worker] DEBUG net.thucydides.core.steps.StepInterceptor - STARTING STEP: Login.performAs - {0} clicks on #target
20:16:09.324 [Test worker] DEBUG net.serenitybdd.screenplay.targets.IFrameSwitcher - default content already selected for Button that shows us the form to login
20:16:11.224 [Test worker] DEBUG net.serenitybdd.core.photography.Darkroom - Send negative for processing for target\site\serenity\b0da2e9ae411b8e4a3b565837ba373d60c20ffe697745b7323771146ae134fd7.png
20:16:11.226 [Test worker] DEBUG net.thucydides.core.steps.StepInterceptor - STEP DONE: {0} clicks on #target
20:16:11.226 [Darkroom Processing Line] DEBUG net.serenitybdd.core.photography.DarkroomProcessingLine - Processing screenshot image in /var/screenshots/screenshot-6713713891362996286
20:16:11.226 [Darkroom Processing Line] DEBUG net.serenitybdd.core.photography.DarkroomProcessingLine - Saving screenshot to target\site\serenity\b0da2e9ae411b8e4a3b565837ba373d60c20ffe697745b7323771146ae134fd7.png
20:16:11.237 [Test worker] DEBUG net.thucydides.core.steps.StepInterceptor - STARTING STEP: Login.performAs - {0} enters #theTextAsAString into #target
20:16:11.237 [Test worker] DEBUG net.serenitybdd.screenplay.targets.IFrameSwitcher - default content already selected for where do we write the user
20:16:13.274 [Test worker] DEBUG net.serenitybdd.core.photography.Darkroom - Send negative for processing for target\site\serenity\5ad2c7ade752b6c3dab77443dac1c8068af969f7db14b49ca2c5af6de20a8514.png
20:16:13.274 [Test worker] DEBUG net.thucydides.core.steps.StepInterceptor - STEP DONE: {0} enters #theTextAsAString into #target
20:16:13.292 [Test worker] DEBUG net.thucydides.core.steps.StepInterceptor - STARTING STEP: Login.performAs - {0} enters #theTextAsAString into #target
20:16:13.292 [Test worker] DEBUG net.serenitybdd.screenplay.targets.IFrameSwitcher - default content already selected for where do we write the password
20:16:15.262 [Test worker] DEBUG net.serenitybdd.core.photography.Darkroom - Send negative for processing for target\site\serenity\9f0859e0975ce8df2b96f626a7c24333dfdf17bfc41a1848c87721635c640d59.png
20:16:15.263 [Test worker] DEBUG net.thucydides.core.steps.StepInterceptor - STEP DONE: {0} enters #theTextAsAString into #target
20:16:15.271 [Test worker] DEBUG net.thucydides.core.steps.StepInterceptor - STARTING STEP: Login.performAs - {0} clicks on #target
20:16:15.273 [Test worker] DEBUG net.serenitybdd.screenplay.targets.IFrameSwitcher - default content already selected for button to confirm login
20:16:20.437 [Test worker] DEBUG net.serenitybdd.core.photography.Darkroom - Send negative for processing for target\site\serenity\f5b8d71e30c49fd2833d3ec81f87217c2122fa4fd9a229070c65ae619c1a05ea.png
20:16:20.437 [Test worker] DEBUG net.thucydides.core.steps.StepInterceptor - STEP DONE: {0} clicks on #target
20:16:21.335 [Test worker] DEBUG net.serenitybdd.core.photography.Darkroom - Send negative for processing for target\site\serenity\eb660aa549e20e1bddbf2fc9aaf1cde158b4a9d7496e52954e8a80177524fe3a.png
20:16:21.336 [Test worker] DEBUG net.thucydides.core.steps.StepInterceptor - STEP DONE: performAs
Step argument class io.cucumber.core.gherkin.messages.GherkinMessagesDataTableArgument
20:16:21.420 [Test worker] DEBUG net.thucydides.core.steps.StepInterceptor - STARTING STEP: ChoucairAcademyStepDefinitions.heSearchForTheCourseRecursosAutomatizacionBancolombiaOnTheChoucairAcademyPlatform - performAs
20:16:21.449 [Test worker] DEBUG net.thucydides.core.steps.StepInterceptor - STARTING STEP: Search.performAs - {0} clicks on #target
20:16:21.450 [Test worker] DEBUG net.serenitybdd.screenplay.targets.IFrameSwitcher - default content already selected for link to the search page
20:16:24.822 [Test worker] DEBUG net.serenitybdd.core.photography.Darkroom - Send negative for processing for target\site\serenity\3e4efe2022b9dffe935628d6f60dd217011e095965c4ff6c1c1ce8f9ae903941.png
20:16:24.822 [Test worker] DEBUG net.thucydides.core.steps.StepInterceptor - STEP DONE: {0} clicks on #target
20:16:24.838 [Test worker] DEBUG net.thucydides.core.steps.StepInterceptor - STARTING STEP: Search.performAs - {0} enters #theTextAsAString into #target
20:16:24.838 [Test worker] DEBUG net.serenitybdd.screenplay.targets.IFrameSwitcher - default content already selected for where to write the course to search
20:16:26.299 [Test worker] DEBUG net.serenitybdd.core.photography.Darkroom - Send negative for processing for target\site\serenity\513af700ebae1fe2956ccffd6305357742b86c5bedae0dc40078352f26efbcbe.png
20:16:26.299 [Test worker] DEBUG net.thucydides.core.steps.StepInterceptor - STEP DONE: {0} enters #theTextAsAString into #target
20:16:26.316 [Test worker] DEBUG net.thucydides.core.steps.StepInterceptor - STARTING STEP: Search.performAs - {0} clicks on #target
20:16:26.316 [Test worker] DEBUG net.serenitybdd.screenplay.targets.IFrameSwitcher - default content already selected for button to confirm search
20:16:29.689 [Test worker] DEBUG net.serenitybdd.core.photography.Darkroom - Send negative for processing for target\site\serenity\2fb0a02fa6af56a22e8cfba1d90ac2452388b3645229209ec131fc8d3ce2ff33.png
20:16:29.689 [Test worker] DEBUG net.thucydides.core.steps.StepInterceptor - STEP DONE: {0} clicks on #target
20:16:29.694 [Test worker] DEBUG net.thucydides.core.steps.StepInterceptor - STARTING STEP: Search.performAs - {0} clicks on #target
20:16:29.694 [Test worker] DEBUG net.serenitybdd.screenplay.targets.IFrameSwitcher - default content already selected for link to the course page
20:16:32.883 [Test worker] DEBUG net.serenitybdd.core.photography.Darkroom - Send negative for processing for target\site\serenity\0d006a804b29c945864119b4a6b5ed40661643b0d1a443d4df7970edded8aa74.png
20:16:32.891 [Test worker] DEBUG net.thucydides.core.steps.StepInterceptor - STEP DONE: {0} clicks on #target
20:16:32.913 [Test worker] DEBUG net.thucydides.core.steps.StepInterceptor - STEP DONE: performAs
20:16:33.750 [Test worker] DEBUG net.serenitybdd.core.photography.Darkroom - Send negative for processing for target\site\serenity\0d006a804b29c945864119b4a6b5ed40661643b0d1a443d4df7970edded8aa74.png
Step argument class io.cucumber.core.gherkin.messages.GherkinMessagesDataTableArgument
20:16:34.043 [Test worker] DEBUG net.serenitybdd.screenplay.targets.IFrameSwitcher - default content already selected for Extraer el nombre del curso
20:16:35.147 [Test worker] DEBUG net.serenitybdd.core.photography.Darkroom - Send negative for processing for target\site\serenity\0d006a804b29c945864119b4a6b5ed40661643b0d1a443d4df7970edded8aa74.png
20:16:36.095 [Test worker] DEBUG net.serenitybdd.core.photography.Darkroom - Send negative for processing for target\site\serenity\0d006a804b29c945864119b4a6b5ed40661643b0d1a443d4df7970edded8aa74.png
20:16:37.118 [Test worker] INFO  - 
        __    _____ _____ ____ _____   ____   _    ____  ____  _____ ____  
  _     \ \  |_   _| ____/ ___|_   _| |  _ \ / \  / ___|/ ___|| ____|  _ \ 
 (_)_____| |   | | |  _| \___ \ | |   | |_) / _ \ \___ \\___ \|  _| | | | |
  _|_____| |   | | | |___ ___) || |   |  __/ ___ \ ___) |___) | |___| |_| |
 (_)     | |   |_| |_____|____/ |_|   |_| /_/   \_\____/|____/|_____|____/ 
        /_/                                                                

Search for an automation course
----------------------------------------------------------------------------
]]></system-out>
  <system-err><![CDATA[Starting ChromeDriver 88.0.4324.96 (68dba2d8a0b149a1d3afac56fa74648032bcf46b-refs/branch-heads/4324@{#1784}) on port 8320
Only local connections are allowed.
Please see https://chromedriver.chromium.org/security-considerations for suggestions on keeping ChromeDriver safe.
ChromeDriver was started successfully.
feb 05, 2021 8:16:02 PM org.openqa.selenium.remote.ProtocolHandshake createSession
INFORMACIÓN: Detected dialect: W3C
]]></system-err>
</testsuite>
